<component name="libraryTable">
  <library name="junit.surefire.junit5" type="repository">
    <properties maven-id="org.junit:surefire-junit5:5.0.0-ALPHA" />
    <CLASSES>
      <root url="jar://$PROJECT_DIR$/lib/surefire-junit5-5.0.0-ALPHA.jar!/" />
      <root url="jar://$PROJECT_DIR$/lib/junit4-engine-5.0.0-ALPHA.jar!/" />
      <root url="jar://$PROJECT_DIR$/lib/junit-4.12.jar!/" />
      <root url="jar://$PROJECT_DIR$/lib/hamcrest-core-1.3.jar!/" />
      <root url="jar://$PROJECT_DIR$/lib/junit-engine-api-5.0.0-ALPHA.jar!/" />
      <root url="jar://$PROJECT_DIR$/lib/junit-commons-5.0.0-ALPHA.jar!/" />
      <root url="jar://$PROJECT_DIR$/lib/opentest4j-1.0.0-ALPHA.jar!/" />
      <root url="jar://$PROJECT_DIR$/lib/surefire-api-2.19.jar!/" />
      <root url="jar://$PROJECT_DIR$/lib/common-java5-2.19.jar!/" />
      <root url="jar://$PROJECT_DIR$/lib/junit-launcher-5.0.0-ALPHA.jar!/" />
      <root url="jar://$PROJECT_DIR$/lib/junit5-engine-5.0.0-ALPHA.jar!/" />
      <root url="jar://$PROJECT_DIR$/lib/junit5-api-5.0.0-ALPHA.jar!/" />
    </CLASSES>
    <JAVADOC />
    <SOURCES />
  </library>
</component>